initial_cost: 22519
2520 a
14661
initial_cost: 17983
2520 a
14661
initial_cost: 24384
2520 a
14729
initial_cost: 22485
2520 a
14661
initial_cost: 22195
2520 a
14729
initial_cost: 23658
2520 a
14729
initial_cost: 20327
2520 a
14729
initial_cost: 23780
2520 a
14661
initial_cost: 21846
2520 a
14729
initial_cost: 19172
2520 a
14729
initial_cost: 21728
2520 a
14661
initial_cost: 25718
2520 a
14661
initial_cost: 24643
2520 a
14661
initial_cost: 21180
2520 a
14729
initial_cost: 23515
2520 a
14661
initial_cost: 23120
2520 a
14729
initial_cost: 22586
2520 a
14661
initial_cost: 23183
2520 a
14661
initial_cost: 22789
2520 a
14729
initial_cost: 22295
2520 a
14661
initial_cost: 22858
2520 a
15139
initial_cost: 18731
2520 a
14729
initial_cost: 23195
2520 a
14661
initial_cost: 21897
2520 a
14661
initial_cost: 20448
2520 a
14729
initial_cost: 21661
2520 a
14661
initial_cost: 23044
2520 a
15139
initial_cost: 23034
2520 a
14661
initial_cost: 22775
2520 a
14661
initial_cost: 22634
2520 a
14661
initial_cost: 24409
2520 a
14661
initial_cost: 21576
2520 a
14729
initial_cost: 20057
2520 a
14661
initial_cost: 23944
2520 a
14661
initial_cost: 15326
2520 a
9863
initial_cost: 13439
2520 a
9863
initial_cost: 15097
2520 a
9863
initial_cost: 18197
2520 a
9923
initial_cost: 13916
2520 a
9863
initial_cost: 16543
2520 a
9893
initial_cost: 13717
2520 a
9893
initial_cost: 13953
2520 a
9863
initial_cost: 13745
2520 a
9923
initial_cost: 16548
2520 a
9863
initial_cost: 16415
2520 a
9953
initial_cost: 16682
2520 a
9863
initial_cost: 16298
2520 a
9863
initial_cost: 15206
2520 a
10571
initial_cost: 16602
2520 a
10022
initial_cost: 15114
2520 a
9863
initial_cost: 14864
2520 a
9923
initial_cost: 14806
2520 a
9863
initial_cost: 15528
2520 a
9923
initial_cost: 15108
2520 a
9863
initial_cost: 17508
2520 a
9962
initial_cost: 16638
2520 a
10093
initial_cost: 12143
2520 a
9923
initial_cost: 17902
2520 a
9863
initial_cost: 15519
2520 a
9863
initial_cost: 15937
2520 a
9953
initial_cost: 15656
2520 a
9863
initial_cost: 16002
2520 a
9863
initial_cost: 16382
2520 a
9923
initial_cost: 16945
2520 a
9863
initial_cost: 13463
2520 a
9320
initial_cost: 13437
2520 a
9320
initial_cost: 14215
2520 a
9320
initial_cost: 13965
2520 a
9320
initial_cost: 13858
2520 a
9407
initial_cost: 14070
2520 a
9320
initial_cost: 13159
2520 a
9407
initial_cost: 15288
2520 a
9320
initial_cost: 11710
2520 a
9407
initial_cost: 13308
2520 a
9320
initial_cost: 12012
2520 a
9320
initial_cost: 14274
2520 a
9666
initial_cost: 13906
2520 a
9320
initial_cost: 13498
2520 a
9320
initial_cost: 14657
2520 a
9320
initial_cost: 12851
2520 a
9320
initial_cost: 14659
2520 a
9320
initial_cost: 12945
2520 a
9320
initial_cost: 13519
2520 a
9407
initial_cost: 14310
2520 a
9320
initial_cost: 13727
2520 a
9320
initial_cost: 12935
2520 a
9666
initial_cost: 14593
2520 a
9320
initial_cost: 12746
2520 a
9320
initial_cost: 16077
2520 a
9320
initial_cost: 14231
2520 a
9320
initial_cost: 11793
2520 a
9666
initial_cost: 12623
2520 a
9320
initial_cost: 14142
2520 a
9320
initial_cost: 14393
2520 a
9320
initial_cost: 18405
2520 a
12844
initial_cost: 21886
2520 a
12386
initial_cost: 17828
2520 a
12768
initial_cost: 19482
2520 a
11909
initial_cost: 18863
2520 a
12844
initial_cost: 19395
2520 a
12376
initial_cost: 18705
2520 a
12376
initial_cost: 19797
2520 a
12654
initial_cost: 19106
2520 a
12378
initial_cost: 18618
2520 a
11684
initial_cost: 17632
2520 a
12768
initial_cost: 20334
2520 a
11890
initial_cost: 18286
2520 a
12378
initial_cost: 17827
2520 a
12844
initial_cost: 17270
2520 a
11684
initial_cost: 18331
2520 a
12768
initial_cost: 18832
2520 a
12844
initial_cost: 18287
2520 a
12376
initial_cost: 15234
2520 a
11890
initial_cost: 20220
2520 a
12964
initial_cost: 17989
2520 a
11890
initial_cost: 20995
2520 a
12844
initial_cost: 20625
2520 a
12572
initial_cost: 18393
2520 a
12778
initial_cost: 19337
2520 a
12376
initial_cost: 19185
2520 a
11909
initial_cost: 17526
2520 a
12376
initial_cost: 20107
2520 a
12378
initial_cost: 17158
2520 a
11888
initial_cost: 20053
2520 a
12378
initial_cost: 18660
2520 a
11903
initial_cost: 18490
2520 a
12095
initial_cost: 15165
2520 a
10957
initial_cost: 17553
2520 a
11903
initial_cost: 18866
2520 a
10957
initial_cost: 18390
2520 a
11724
initial_cost: 20571
2520 a
10957
initial_cost: 21396
2520 a
11724
initial_cost: 21205
2520 a
11729
initial_cost: 18187
2520 a
11903
initial_cost: 19266
2520 a
11719
initial_cost: 20618
2520 a
11724
initial_cost: 19627
2520 a
11297
initial_cost: 18535
2520 a
12095
initial_cost: 19537
2520 a
11297
initial_cost: 20107
2520 a
10957
initial_cost: 18828
2520 a
11583
initial_cost: 19155
2520 a
11903
initial_cost: 19415
2520 a
11299
initial_cost: 18144
2520 a
11297
initial_cost: 18707
2520 a
12095
initial_cost: 17241
2520 a
10957
initial_cost: 17323
2520 a
12095
initial_cost: 21549
2520 a
11384
initial_cost: 18709
2520 a
12095
initial_cost: 21402
2520 a
11299
initial_cost: 22834
2520 a
12097
initial_cost: 18900
2520 a
10957
initial_cost: 20377
2520 a
11724
initial_cost: 20337
2520 a
11384
initial_cost: 17390
2520 a
10197
initial_cost: 19642
2520 a
10197
initial_cost: 18480
2520 a
10197
initial_cost: 16128
2520 a
10197
initial_cost: 17378
2520 a
10197
initial_cost: 16736
2520 a
10197
initial_cost: 17102
2520 a
10197
initial_cost: 17465
2520 a
10197
initial_cost: 20245
2520 a
10819
initial_cost: 16956
2520 a
10197
initial_cost: 20362
2520 a
10924
initial_cost: 18610
2520 a
10197
initial_cost: 20625
2520 a
10197
initial_cost: 19767
2520 a
10197
initial_cost: 20395
2520 a
10197
initial_cost: 18409
2520 a
10197
initial_cost: 19498
2520 a
10197
initial_cost: 19348
2520 a
10197
initial_cost: 19067
2520 a
10305
10197
initial_cost: 17435
2520 a
10305
initial_cost: 12721
2520 a
10197
initial_cost: 19242
2520 a
10197
initial_cost: 17268
2520 a
10702
initial_cost: 17421
2520 a
10197
initial_cost: 19881
2520 a
10197
initial_cost: 19508
2520 a
10197
initial_cost: 18192
2520 a
10197
initial_cost: 19415
2520 a
10197
initial_cost: 20301
2520 a
11091
11089
initial_cost: 19466
2520 a
10197
initial_cost: 4050
2520 a
1700
initial_cost: 4085
2520 a
1625
initial_cost: 4530
2520 a
1390
initial_cost: 4180
2520 a
1715
initial_cost: 4145
2520 a
1945
initial_cost: 4270
2520 a
1785
initial_cost: 4705
2520 a
1685
initial_cost: 4060
2520 a
1580
initial_cost: 4225
2520 a
1525
initial_cost: 3775
2520 a
1595
initial_cost: 4195
2520 a
1525
initial_cost: 3990
2520 a
1730
1720
initial_cost: 4105
2520 a
1490
initial_cost: 4470
2520 a
1585
initial_cost: 4630
2520 a
1700
initial_cost: 4245
2520 a
1635
initial_cost: 3545
2520 a
1630
initial_cost: 4760
2520 a
1725
initial_cost: 4490
2520 a
1470
initial_cost: 4220
2520 a
1645
initial_cost: 4385
2520 a
1500
initial_cost: 4315
2520 a
1565
initial_cost: 4175
2520 a
1545
initial_cost: 3965
2520 a
1610
initial_cost: 4015
2520 a
1725
initial_cost: 4590
2520 a
1775
initial_cost: 4520
2520 a
1710
initial_cost: 3690
2520 a
1755
initial_cost: 4660
2520 a
1800
initial_cost: 4240
2520 a
1515
